
Reconcile . to/from arianna:/Temp/Zwo/Snap on
Thu Dec 28 21:54:00 EST 2017
Copying files from . to arianna:/Temp/Zwo/Snap

sending incremental file list
./

sent 53 bytes  received 19 bytes  144.00 bytes/sec
total size is 0  speedup is 0.00

Copying files from arianna:/Temp/Zwo/Snap to . and creating backups in .

receiving incremental file list
._a.out
._csimfits.c
Makefile
Makefile.armv7
Makefile.x86
csimfitshdr.c
csimfitshdr.h
fits
junk.fits
snap
snap.c
snap.pgm
Backups/
Backups/snap.171223.cpp
Backups/snap.171223_1805.cpp
Backups/snap.171225.cpp
Backups/snap.171226.c
bin/
bin/armv7/
bin/armv7/snap
bin/x86/
bin/x86/snap

sent 700 bytes  received 34,020,890 bytes  1,744,696.92 bytes/sec
total size is 34,011,204  speedup is 1.00


Reconcile . to/from arianna:/Temp/Zwo/Snap on
Thu Dec 28 22:13:04 EST 2017
Copying files from . to arianna:/Temp/Zwo/Snap

sending incremental file list
./
Backups/
bin/
bin/armv7/
bin/x86/

sent 627 bytes  received 35 bytes  441.33 bytes/sec
total size is 34,011,204  speedup is 51,376.44

Copying files from arianna:/Temp/Zwo/Snap to . and creating backups in .

receiving incremental file list
junk.fits
snap
snap.c
bin/x86/snap

sent 35,802 bytes  received 32,873,202 bytes  1,778,865.08 bytes/sec
total size is 34,011,659  speedup is 1.03


Reconcile . to/from arianna:/Temp/Zwo/Snap on
Thu Dec 28 22:39:59 EST 2017
Copying files from . to arianna:/Temp/Zwo/Snap

sending incremental file list
./
Backups/
bin/x86/

sent 622 bytes  received 29 bytes  434.00 bytes/sec
total size is 34,011,659  speedup is 52,245.25

Copying files from arianna:/Temp/Zwo/Snap to . and creating backups in .

receiving incremental file list
junk.fits
snap
snap.c
Backups/csimfitshdr.171228.c
Backups/csimfitshdr.171228.h
Backups/snap.171228.c
bin/x86/snap

sent 35,863 bytes  received 32,872,525 bytes  1,778,831.78 bytes/sec
total size is 34,036,005  speedup is 1.03


Reconcile . to/from arianna:/Temp/Zwo/Snap on
Fri Dec 29 00:05:37 EST 2017
Copying files from . to arianna:/Temp/Zwo/Snap

sending incremental file list
./
temp.fits
temp.hdr.fits
Backups/
bin/x86/

sent 3,822 bytes  received 71 bytes  2,595.33 bytes/sec
total size is 34,038,965  speedup is 8,743.63

Copying files from arianna:/Temp/Zwo/Snap to . and creating backups in .

receiving incremental file list
csimfitshdr.c
fits
junk.fits
snap
bin/x86/snap

sent 35,875 bytes  received 32,852,540 bytes  1,777,752.16 bytes/sec
total size is 34,038,979  speedup is 1.03

